<?xml version="1.0" encoding="UTF-8" ?>
<testsuite tests="0" failures="0" name="org.leafbook.serviceUserApi.MainTest" time="0" errors="0" skipped="0">
  <properties>
    <property name="java.runtime.name" value="Java(TM) SE Runtime Environment"/>
    <property name="idea.version" value="2020.2.1"/>
    <property name="java.vm.version" value="13.0.1+9"/>
    <property name="sun.boot.library.path" value="D:\Java\bin"/>
    <property name="maven.multiModuleProjectDirectory" value="D:\java_cache\leafbook"/>
    <property name="java.vm.vendor" value="Oracle Corporation"/>
    <property name="java.vendor.url" value="https://java.oracle.com/"/>
    <property name="path.separator" value=";"/>
    <property name="guice.disable.misplaced.annotation.check" value="true"/>
    <property name="java.vm.name" value="Java HotSpot(TM) 64-Bit Server VM"/>
    <property name="user.country" value="CN"/>
    <property name="sun.java.launcher" value="SUN_STANDARD"/>
    <property name="user.script" value=""/>
    <property name="sun.os.patch.level" value=""/>
    <property name="user.dir" value="D:\java_cache\leafbook"/>
    <property name="java.vm.compressedOopsMode" value="32-bit"/>
    <property name="java.vm.specification.name" value="Java Virtual Machine Specification"/>
    <property name="java.runtime.version" value="13.0.1+9"/>
    <property name="os.arch" value="amd64"/>
    <property name="java.io.tmpdir" value="C:\Users\ADMINI~1\AppData\Local\Temp\"/>
    <property name="line.separator" value="
"/>
    <property name="java.vm.specification.vendor" value="Oracle Corporation"/>
    <property name="user.variant" value=""/>
    <property name="os.name" value="Windows 10"/>
    <property name="maven.ext.class.path" value="D:\intellijU\IntelliJ IDEA 2020.2.1\plugins\maven\lib\maven-event-listener.jar"/>
    <property name="classworlds.conf" value="D:\intellijU\IntelliJ IDEA 2020.2.1\plugins\maven\lib\maven3\bin\m2.conf"/>
    <property name="sun.jnu.encoding" value="GBK"/>
    <property name="java.library.path" value="D:\Java\bin;C:\WINDOWS\Sun\Java\bin;C:\WINDOWS\system32;C:\WINDOWS;D:\A_command\depot_tools;D:\A_tools\VulkanSDK\1.2.148.1\Bin;D:\xftp\;F:\Ruby26-x64\bin;C:\Windows\system32;C:\Windows;C:\Windows\System32\Wbem;C:\Windows\System32\WindowsPowerShell\v1.0\;D:\python2;C:\Windows\System32\OpenSSH\;C:\Program Files (x86)\Common Files\Autodesk Shared\;C:\Program Files (x86)\NVIDIA Corporation\PhysX\Common;C:\ProgramData\chocolatey\bin;C:\Program Files\Microsoft SQL Server\130\Tools\Binn\;C:\Program Files\Microsoft SQL Server\Client SDK\ODBC\170\Tools\Binn\;F:\nodejs\;D:\java\bin;C:\Strawberry\c\bin;C:\Strawberry\perl\site\bin;C:\Strawberry\perl\bin;C:\Program Files\NVIDIA Corporation\NVIDIA NvDLISR;D:\mariaDB\bin;D:\flutter\bin;D:\download\protobuf-exe\bin;D:\download\thrift;D:\flutter;D:\Git\cmd;C:\WINDOWS\system32;C:\WINDOWS;C:\WINDOWS\System32\Wbem;C:\WINDOWS\System32\WindowsPowerShell\v1.0\;C:\WINDOWS\System32\OpenSSH\;D:\maven\apache-maven-3.6.3\bin;D:\scala\bin;D:\gradle-6.5\bin;D:\A_command;C:\Program Files (x86)\fme\;D:\A_command\MinGW\bin;D:\A_command\GnuWin32\bin;D:\A_command\Nasm;D:\A_command\MinGW_\MinGW\bin;F:\python_cache;F:\python_cache\Scripts;C:\Users\Administrator\AppData\Local\Microsoft\WindowsApps;F:\pycharm\PyCharm 2019.2.3\bin;C:\Users\Administrator\AppData\Local\Programs\Microsoft VS Code\bin;C:\Users\Administrator\AppData\Roaming\npm;D:\intellij\Intellij\bin;D:\webstore\WebStorm 2020.2.1\bin;;C:\Users\Administrator\AppData\Local\Microsoft\WindowsApps;D:\intellijU\IntelliJ IDEA 2020.2.1\bin;;D:\clion\CLion 2020.2.4\bin;;;."/>
    <property name="maven.conf" value="D:\intellijU\IntelliJ IDEA 2020.2.1\plugins\maven\lib\maven3/conf"/>
    <property name="jdk.debug" value="release"/>
    <property name="java.class.version" value="57.0"/>
    <property name="java.specification.name" value="Java Platform API Specification"/>
    <property name="sun.management.compiler" value="HotSpot 64-Bit Tiered Compilers"/>
    <property name="maven.repo.local" value="D:\maven\repository"/>
    <property name="os.version" value="10.0"/>
    <property name="user.home" value="C:\Users\Administrator"/>
    <property name="user.timezone" value="Asia/Shanghai"/>
    <property name="file.encoding" value="UTF-8"/>
    <property name="java.specification.version" value="13"/>
    <property name="user.name" value="Administrator"/>
    <property name="java.class.path" value="D:\intellijU\IntelliJ IDEA 2020.2.1\plugins\maven\lib\maven3\boot\plexus-classworlds-2.6.0.jar;D:\intellijU\IntelliJ IDEA 2020.2.1\plugins\maven\lib\maven3\boot\plexus-classworlds.license"/>
    <property name="java.vm.specification.version" value="13"/>
    <property name="sun.arch.data.model" value="64"/>
    <property name="sun.java.command" value="org.codehaus.classworlds.Launcher -Didea.version=2020.2.1 -s D:\maven\settings.xml -Dmaven.repo.local=D:\maven\repository package"/>
    <property name="java.home" value="D:\Java"/>
    <property name="user.language" value="zh"/>
    <property name="java.specification.vendor" value="Oracle Corporation"/>
    <property name="java.vm.info" value="mixed mode, sharing"/>
    <property name="java.version" value="13.0.1"/>
    <property name="java.vendor" value="Oracle Corporation"/>
    <property name="maven.home" value="D:\intellijU\IntelliJ IDEA 2020.2.1\plugins\maven\lib\maven3"/>
    <property name="file.separator" value="\"/>
    <property name="java.version.date" value="2019-10-15"/>
    <property name="java.vendor.url.bug" value="https://bugreport.java.com/bugreport/"/>
    <property name="sun.cpu.endian" value="little"/>
    <property name="sun.io.unicode.encoding" value="UnicodeLittle"/>
    <property name="sun.cpu.isalist" value="amd64"/>
  </properties>
</testsuite>